  [1m[35m (0.4ms)[0m  [1m[34mSELECT sqlite_version(*)[0m
  ↳ bin/rails:9
  [1m[35m (2.7ms)[0m  [1m[35mCREATE TABLE "schema_migrations" ("version" varchar NOT NULL PRIMARY KEY)[0m
  ↳ bin/rails:9
  [1m[35m (1.1ms)[0m  [1m[35mCREATE TABLE "ar_internal_metadata" ("key" varchar NOT NULL PRIMARY KEY, "value" varchar, "created_at" datetime NOT NULL, "updated_at" datetime NOT NULL)[0m
  ↳ bin/rails:9
  [1m[35m (0.1ms)[0m  [1m[34mSELECT "schema_migrations"."version" FROM "schema_migrations" ORDER BY "schema_migrations"."version" ASC[0m
  ↳ bin/rails:9
Migrating to CreatePlayers (20190905220737)
  [1m[35m (0.0ms)[0m  [1m[36mbegin transaction[0m
  ↳ bin/rails:9
  [1m[35m (0.5ms)[0m  [1m[35mCREATE TABLE "players" ("id" integer PRIMARY KEY AUTOINCREMENT NOT NULL, "name" varchar, "avatar_id" integer, "created_at" datetime NOT NULL, "updated_at" datetime NOT NULL)[0m
  ↳ db/migrate/20190905220737_create_players.rb:3
  [1m[36mActiveRecord::SchemaMigration Create (0.2ms)[0m  [1m[32mINSERT INTO "schema_migrations" ("version") VALUES (?)[0m  [["version", "20190905220737"]]
  ↳ bin/rails:9
  [1m[35m (0.9ms)[0m  [1m[36mcommit transaction[0m
  ↳ bin/rails:9
Migrating to CreateAvatars (20190905221005)
  [1m[35m (0.1ms)[0m  [1m[36mbegin transaction[0m
  ↳ bin/rails:9
  [1m[35m (0.4ms)[0m  [1m[35mCREATE TABLE "avatars" ("id" integer PRIMARY KEY AUTOINCREMENT NOT NULL, "name" varchar, "img_url" varchar, "created_at" datetime NOT NULL, "updated_at" datetime NOT NULL)[0m
  ↳ db/migrate/20190905221005_create_avatars.rb:3
  [1m[36mActiveRecord::SchemaMigration Create (0.1ms)[0m  [1m[32mINSERT INTO "schema_migrations" ("version") VALUES (?)[0m  [["version", "20190905221005"]]
  ↳ bin/rails:9
  [1m[35m (0.7ms)[0m  [1m[36mcommit transaction[0m
  ↳ bin/rails:9
  [1m[36mActiveRecord::InternalMetadata Load (0.2ms)[0m  [1m[34mSELECT  "ar_internal_metadata".* FROM "ar_internal_metadata" WHERE "ar_internal_metadata"."key" = ? LIMIT ?[0m  [["key", "environment"], ["LIMIT", 1]]
  ↳ bin/rails:9
  [1m[35m (0.1ms)[0m  [1m[36mbegin transaction[0m
  ↳ bin/rails:9
  [1m[36mActiveRecord::InternalMetadata Create (0.3ms)[0m  [1m[32mINSERT INTO "ar_internal_metadata" ("key", "value", "created_at", "updated_at") VALUES (?, ?, ?, ?)[0m  [["key", "environment"], ["value", "development"], ["created_at", "2019-09-05 22:10:33.375607"], ["updated_at", "2019-09-05 22:10:33.375607"]]
  ↳ bin/rails:9
  [1m[35m (0.6ms)[0m  [1m[36mcommit transaction[0m
  ↳ bin/rails:9
  [1m[35m (0.1ms)[0m  [1m[34mSELECT "schema_migrations"."version" FROM "schema_migrations" ORDER BY "schema_migrations"."version" ASC[0m
  ↳ bin/rails:9
  [1m[35m (0.1ms)[0m  [1m[36mbegin transaction[0m
  [1m[35m (0.0ms)[0m  [1m[31mrollback transaction[0m
  [1m[35m (0.1ms)[0m  [1m[36mbegin transaction[0m
  [1m[35m (0.0ms)[0m  [1m[31mrollback transaction[0m
  [1m[35m (0.1ms)[0m  [1m[36mbegin transaction[0m
  [1m[35m (0.0ms)[0m  [1m[31mrollback transaction[0m
  [1m[36mPlayer Load (0.5ms)[0m  [1m[34mSELECT  "players".* FROM "players" LIMIT ?[0m  [["LIMIT", 11]]
  [1m[36mPlayer Load (0.2ms)[0m  [1m[34mSELECT  "players".* FROM "players" LIMIT ?[0m  [["LIMIT", 11]]
  [1m[35m (0.1ms)[0m  [1m[36mbegin transaction[0m
  [1m[36mAvatar Load (0.5ms)[0m  [1m[34mSELECT  "avatars".* FROM "avatars" WHERE "avatars"."id" = ? LIMIT ?[0m  [["id", 2], ["LIMIT", 1]]
  [1m[35m (0.1ms)[0m  [1m[31mrollback transaction[0m
  [1m[35m (0.0ms)[0m  [1m[36mbegin transaction[0m
  [1m[36mPlayer Create (0.5ms)[0m  [1m[32mINSERT INTO "players" ("name", "created_at", "updated_at") VALUES (?, ?, ?)[0m  [["name", "Harum"], ["created_at", "2019-09-05 22:16:12.830833"], ["updated_at", "2019-09-05 22:16:12.830833"]]
  [1m[35m (0.7ms)[0m  [1m[36mcommit transaction[0m
  [1m[35m (0.0ms)[0m  [1m[36mbegin transaction[0m
  [1m[36mPlayer Create (0.5ms)[0m  [1m[32mINSERT INTO "players" ("name", "created_at", "updated_at") VALUES (?, ?, ?)[0m  [["name", "Rob"], ["created_at", "2019-09-05 22:17:03.880053"], ["updated_at", "2019-09-05 22:17:03.880053"]]
  [1m[35m (0.9ms)[0m  [1m[36mcommit transaction[0m
  [1m[35m (0.0ms)[0m  [1m[36mbegin transaction[0m
  [1m[36mAvatar Create (0.4ms)[0m  [1m[32mINSERT INTO "avatars" ("name", "img_url", "created_at", "updated_at") VALUES (?, ?, ?, ?)[0m  [["name", "tommy cruise"], ["img_url", "https://www.armytimes.com/resizer/hFdTeHDRGBwBbRX81rIwxXTX_e8=/1200x0/filters:quality(100)/arc-anglerfish-arc2-prod-mco.s3.amazonaws.com/public/35IHQVBWRBCNFPKY6I5CJU3WVQ.jpg"], ["created_at", "2019-09-05 22:19:19.676878"], ["updated_at", "2019-09-05 22:19:19.676878"]]
  [1m[35m (0.6ms)[0m  [1m[36mcommit transaction[0m
  [1m[36mPlayer Load (0.2ms)[0m  [1m[34mSELECT  "players".* FROM "players" WHERE "players"."id" = ? LIMIT ?[0m  [["id", 2], ["LIMIT", 1]]
  [1m[35m (0.1ms)[0m  [1m[36mbegin transaction[0m
  [1m[36mPlayer Update (0.4ms)[0m  [1m[33mUPDATE "players" SET "avatar_id" = ?, "updated_at" = ? WHERE "players"."id" = ?[0m  [["avatar_id", 1], ["updated_at", "2019-09-05 22:20:07.151281"], ["id", 2]]
  [1m[35m (2.0ms)[0m  [1m[36mcommit transaction[0m
  [1m[36mPlayer Load (0.7ms)[0m  [1m[34mSELECT  "players".* FROM "players" LIMIT ?[0m  [["LIMIT", 11]]
  [1m[36mPlayer Load (0.2ms)[0m  [1m[34mSELECT  "players".* FROM "players" WHERE "players"."id" = ? LIMIT ?[0m  [["id", 1], ["LIMIT", 1]]
  [1m[35m (0.0ms)[0m  [1m[36mbegin transaction[0m
  [1m[36mAvatar Create (0.4ms)[0m  [1m[32mINSERT INTO "avatars" ("name", "img_url", "created_at", "updated_at") VALUES (?, ?, ?, ?)[0m  [["name", "iceman"], ["img_url", "https://www.armytimes.com/resizer/hFdTeHDRGBwBbRX81rIwxXTX_e8=/1200x0/filters:quality(100)/arc-anglerfish-arc2-prod-mco.s3.amazonaws.com/public/35IHQVBWRBCNFPKY6I5CJU3WVQ.jpg"], ["created_at", "2019-09-05 22:22:49.670727"], ["updated_at", "2019-09-05 22:22:49.670727"]]
  [1m[35m (0.8ms)[0m  [1m[36mcommit transaction[0m
  [1m[35m (0.1ms)[0m  [1m[36mbegin transaction[0m
  [1m[36mPlayer Update (0.5ms)[0m  [1m[33mUPDATE "players" SET "avatar_id" = ?, "updated_at" = ? WHERE "players"."id" = ?[0m  [["avatar_id", 2], ["updated_at", "2019-09-05 22:22:58.968272"], ["id", 1]]
  [1m[35m (2.1ms)[0m  [1m[36mcommit transaction[0m
  [1m[36mPlayer Load (0.2ms)[0m  [1m[34mSELECT  "players".* FROM "players" LIMIT ?[0m  [["LIMIT", 11]]
  [1m[36mAvatar Load (0.2ms)[0m  [1m[34mSELECT  "avatars".* FROM "avatars" WHERE "avatars"."id" = ? LIMIT ?[0m  [["id", 2], ["LIMIT", 1]]
  [1m[36mPlayer Load (0.2ms)[0m  [1m[34mSELECT  "players".* FROM "players" WHERE "players"."avatar_id" = ? LIMIT ?[0m  [["avatar_id", 2], ["LIMIT", 11]]
Started GET "/" for ::1 at 2019-09-05 18:29:44 -0400
  [1m[35m (0.3ms)[0m  [1m[34mSELECT "schema_migrations"."version" FROM "schema_migrations" ORDER BY "schema_migrations"."version" ASC[0m
  ↳ /Users/harum/.rvm/gems/ruby-2.6.1/gems/activerecord-5.2.3/lib/active_record/log_subscriber.rb:98
Processing by Rails::WelcomeController#index as HTML
  Rendering /Users/harum/.rvm/gems/ruby-2.6.1/gems/railties-5.2.3/lib/rails/templates/rails/welcome/index.html.erb
  Rendered /Users/harum/.rvm/gems/ruby-2.6.1/gems/railties-5.2.3/lib/rails/templates/rails/welcome/index.html.erb (4.7ms)
Completed 200 OK in 14ms (Views: 12.2ms | ActiveRecord: 0.0ms)


Started GET "/avatars" for ::1 at 2019-09-05 18:29:49 -0400
Processing by AvatarsController#index as HTML
  [1m[36mAvatar Load (0.2ms)[0m  [1m[34mSELECT "avatars".* FROM "avatars"[0m
  ↳ app/controllers/avatars_controller.rb:5
Completed 200 OK in 22ms (Views: 15.0ms | ActiveRecord: 0.9ms)


Started GET "/players" for ::1 at 2019-09-05 18:30:00 -0400
  
AbstractController::ActionNotFound (The action 'index' could not be found for PlayersController):
  
actionpack (5.2.3) lib/abstract_controller/base.rb:129:in `process'
actionpack (5.2.3) lib/action_controller/metal.rb:191:in `dispatch'
actionpack (5.2.3) lib/action_controller/metal.rb:252:in `dispatch'
actionpack (5.2.3) lib/action_dispatch/routing/route_set.rb:52:in `dispatch'
actionpack (5.2.3) lib/action_dispatch/routing/route_set.rb:34:in `serve'
actionpack (5.2.3) lib/action_dispatch/journey/router.rb:52:in `block in serve'
actionpack (5.2.3) lib/action_dispatch/journey/router.rb:35:in `each'
actionpack (5.2.3) lib/action_dispatch/journey/router.rb:35:in `serve'
actionpack (5.2.3) lib/action_dispatch/routing/route_set.rb:840:in `call'
rack (2.0.7) lib/rack/etag.rb:25:in `call'
rack (2.0.7) lib/rack/conditional_get.rb:25:in `call'
rack (2.0.7) lib/rack/head.rb:12:in `call'
activerecord (5.2.3) lib/active_record/migration.rb:559:in `call'
actionpack (5.2.3) lib/action_dispatch/middleware/callbacks.rb:28:in `block in call'
activesupport (5.2.3) lib/active_support/callbacks.rb:98:in `run_callbacks'
actionpack (5.2.3) lib/action_dispatch/middleware/callbacks.rb:26:in `call'
actionpack (5.2.3) lib/action_dispatch/middleware/executor.rb:14:in `call'
actionpack (5.2.3) lib/action_dispatch/middleware/debug_exceptions.rb:61:in `call'
actionpack (5.2.3) lib/action_dispatch/middleware/show_exceptions.rb:33:in `call'
railties (5.2.3) lib/rails/rack/logger.rb:38:in `call_app'
railties (5.2.3) lib/rails/rack/logger.rb:26:in `block in call'
activesupport (5.2.3) lib/active_support/tagged_logging.rb:71:in `block in tagged'
activesupport (5.2.3) lib/active_support/tagged_logging.rb:28:in `tagged'
activesupport (5.2.3) lib/active_support/tagged_logging.rb:71:in `tagged'
railties (5.2.3) lib/rails/rack/logger.rb:26:in `call'
actionpack (5.2.3) lib/action_dispatch/middleware/remote_ip.rb:81:in `call'
actionpack (5.2.3) lib/action_dispatch/middleware/request_id.rb:27:in `call'
rack (2.0.7) lib/rack/runtime.rb:22:in `call'
activesupport (5.2.3) lib/active_support/cache/strategy/local_cache_middleware.rb:29:in `call'
actionpack (5.2.3) lib/action_dispatch/middleware/executor.rb:14:in `call'
actionpack (5.2.3) lib/action_dispatch/middleware/static.rb:127:in `call'
rack (2.0.7) lib/rack/sendfile.rb:111:in `call'
railties (5.2.3) lib/rails/engine.rb:524:in `call'
puma (3.12.1) lib/puma/configuration.rb:227:in `call'
puma (3.12.1) lib/puma/server.rb:660:in `handle_request'
puma (3.12.1) lib/puma/server.rb:474:in `process_client'
puma (3.12.1) lib/puma/server.rb:334:in `block in run'
puma (3.12.1) lib/puma/thread_pool.rb:135:in `block in spawn_thread'
Started GET "/players" for ::1 at 2019-09-05 18:30:20 -0400
  
AbstractController::ActionNotFound (The action 'index' could not be found for PlayersController):
  
actionpack (5.2.3) lib/abstract_controller/base.rb:129:in `process'
actionpack (5.2.3) lib/action_controller/metal.rb:191:in `dispatch'
actionpack (5.2.3) lib/action_controller/metal.rb:252:in `dispatch'
actionpack (5.2.3) lib/action_dispatch/routing/route_set.rb:52:in `dispatch'
actionpack (5.2.3) lib/action_dispatch/routing/route_set.rb:34:in `serve'
actionpack (5.2.3) lib/action_dispatch/journey/router.rb:52:in `block in serve'
actionpack (5.2.3) lib/action_dispatch/journey/router.rb:35:in `each'
actionpack (5.2.3) lib/action_dispatch/journey/router.rb:35:in `serve'
actionpack (5.2.3) lib/action_dispatch/routing/route_set.rb:840:in `call'
rack (2.0.7) lib/rack/etag.rb:25:in `call'
rack (2.0.7) lib/rack/conditional_get.rb:25:in `call'
rack (2.0.7) lib/rack/head.rb:12:in `call'
activerecord (5.2.3) lib/active_record/migration.rb:559:in `call'
actionpack (5.2.3) lib/action_dispatch/middleware/callbacks.rb:28:in `block in call'
activesupport (5.2.3) lib/active_support/callbacks.rb:98:in `run_callbacks'
actionpack (5.2.3) lib/action_dispatch/middleware/callbacks.rb:26:in `call'
actionpack (5.2.3) lib/action_dispatch/middleware/executor.rb:14:in `call'
actionpack (5.2.3) lib/action_dispatch/middleware/debug_exceptions.rb:61:in `call'
actionpack (5.2.3) lib/action_dispatch/middleware/show_exceptions.rb:33:in `call'
railties (5.2.3) lib/rails/rack/logger.rb:38:in `call_app'
railties (5.2.3) lib/rails/rack/logger.rb:26:in `block in call'
activesupport (5.2.3) lib/active_support/tagged_logging.rb:71:in `block in tagged'
activesupport (5.2.3) lib/active_support/tagged_logging.rb:28:in `tagged'
activesupport (5.2.3) lib/active_support/tagged_logging.rb:71:in `tagged'
railties (5.2.3) lib/rails/rack/logger.rb:26:in `call'
actionpack (5.2.3) lib/action_dispatch/middleware/remote_ip.rb:81:in `call'
actionpack (5.2.3) lib/action_dispatch/middleware/request_id.rb:27:in `call'
rack (2.0.7) lib/rack/runtime.rb:22:in `call'
activesupport (5.2.3) lib/active_support/cache/strategy/local_cache_middleware.rb:29:in `call'
actionpack (5.2.3) lib/action_dispatch/middleware/executor.rb:14:in `call'
actionpack (5.2.3) lib/action_dispatch/middleware/static.rb:127:in `call'
rack (2.0.7) lib/rack/sendfile.rb:111:in `call'
railties (5.2.3) lib/rails/engine.rb:524:in `call'
puma (3.12.1) lib/puma/configuration.rb:227:in `call'
puma (3.12.1) lib/puma/server.rb:660:in `handle_request'
puma (3.12.1) lib/puma/server.rb:474:in `process_client'
puma (3.12.1) lib/puma/server.rb:334:in `block in run'
puma (3.12.1) lib/puma/thread_pool.rb:135:in `block in spawn_thread'
Started GET "/players" for ::1 at 2019-09-05 18:30:25 -0400
  
AbstractController::ActionNotFound (The action 'index' could not be found for PlayersController):
  
actionpack (5.2.3) lib/abstract_controller/base.rb:129:in `process'
actionpack (5.2.3) lib/action_controller/metal.rb:191:in `dispatch'
actionpack (5.2.3) lib/action_controller/metal.rb:252:in `dispatch'
actionpack (5.2.3) lib/action_dispatch/routing/route_set.rb:52:in `dispatch'
actionpack (5.2.3) lib/action_dispatch/routing/route_set.rb:34:in `serve'
actionpack (5.2.3) lib/action_dispatch/journey/router.rb:52:in `block in serve'
actionpack (5.2.3) lib/action_dispatch/journey/router.rb:35:in `each'
actionpack (5.2.3) lib/action_dispatch/journey/router.rb:35:in `serve'
actionpack (5.2.3) lib/action_dispatch/routing/route_set.rb:840:in `call'
rack (2.0.7) lib/rack/etag.rb:25:in `call'
rack (2.0.7) lib/rack/conditional_get.rb:25:in `call'
rack (2.0.7) lib/rack/head.rb:12:in `call'
activerecord (5.2.3) lib/active_record/migration.rb:559:in `call'
actionpack (5.2.3) lib/action_dispatch/middleware/callbacks.rb:28:in `block in call'
activesupport (5.2.3) lib/active_support/callbacks.rb:98:in `run_callbacks'
actionpack (5.2.3) lib/action_dispatch/middleware/callbacks.rb:26:in `call'
actionpack (5.2.3) lib/action_dispatch/middleware/executor.rb:14:in `call'
actionpack (5.2.3) lib/action_dispatch/middleware/debug_exceptions.rb:61:in `call'
actionpack (5.2.3) lib/action_dispatch/middleware/show_exceptions.rb:33:in `call'
railties (5.2.3) lib/rails/rack/logger.rb:38:in `call_app'
railties (5.2.3) lib/rails/rack/logger.rb:26:in `block in call'
activesupport (5.2.3) lib/active_support/tagged_logging.rb:71:in `block in tagged'
activesupport (5.2.3) lib/active_support/tagged_logging.rb:28:in `tagged'
activesupport (5.2.3) lib/active_support/tagged_logging.rb:71:in `tagged'
railties (5.2.3) lib/rails/rack/logger.rb:26:in `call'
actionpack (5.2.3) lib/action_dispatch/middleware/remote_ip.rb:81:in `call'
actionpack (5.2.3) lib/action_dispatch/middleware/request_id.rb:27:in `call'
rack (2.0.7) lib/rack/runtime.rb:22:in `call'
activesupport (5.2.3) lib/active_support/cache/strategy/local_cache_middleware.rb:29:in `call'
actionpack (5.2.3) lib/action_dispatch/middleware/executor.rb:14:in `call'
actionpack (5.2.3) lib/action_dispatch/middleware/static.rb:127:in `call'
rack (2.0.7) lib/rack/sendfile.rb:111:in `call'
railties (5.2.3) lib/rails/engine.rb:524:in `call'
puma (3.12.1) lib/puma/configuration.rb:227:in `call'
puma (3.12.1) lib/puma/server.rb:660:in `handle_request'
puma (3.12.1) lib/puma/server.rb:474:in `process_client'
puma (3.12.1) lib/puma/server.rb:334:in `block in run'
puma (3.12.1) lib/puma/thread_pool.rb:135:in `block in spawn_thread'
Started GET "/players" for ::1 at 2019-09-05 18:30:42 -0400
  
AbstractController::ActionNotFound (The action 'index' could not be found for PlayersController):
  
actionpack (5.2.3) lib/abstract_controller/base.rb:129:in `process'
actionpack (5.2.3) lib/action_controller/metal.rb:191:in `dispatch'
actionpack (5.2.3) lib/action_controller/metal.rb:252:in `dispatch'
actionpack (5.2.3) lib/action_dispatch/routing/route_set.rb:52:in `dispatch'
actionpack (5.2.3) lib/action_dispatch/routing/route_set.rb:34:in `serve'
actionpack (5.2.3) lib/action_dispatch/journey/router.rb:52:in `block in serve'
actionpack (5.2.3) lib/action_dispatch/journey/router.rb:35:in `each'
actionpack (5.2.3) lib/action_dispatch/journey/router.rb:35:in `serve'
actionpack (5.2.3) lib/action_dispatch/routing/route_set.rb:840:in `call'
rack (2.0.7) lib/rack/etag.rb:25:in `call'
rack (2.0.7) lib/rack/conditional_get.rb:25:in `call'
rack (2.0.7) lib/rack/head.rb:12:in `call'
activerecord (5.2.3) lib/active_record/migration.rb:559:in `call'
actionpack (5.2.3) lib/action_dispatch/middleware/callbacks.rb:28:in `block in call'
activesupport (5.2.3) lib/active_support/callbacks.rb:98:in `run_callbacks'
actionpack (5.2.3) lib/action_dispatch/middleware/callbacks.rb:26:in `call'
actionpack (5.2.3) lib/action_dispatch/middleware/executor.rb:14:in `call'
actionpack (5.2.3) lib/action_dispatch/middleware/debug_exceptions.rb:61:in `call'
actionpack (5.2.3) lib/action_dispatch/middleware/show_exceptions.rb:33:in `call'
railties (5.2.3) lib/rails/rack/logger.rb:38:in `call_app'
railties (5.2.3) lib/rails/rack/logger.rb:26:in `block in call'
activesupport (5.2.3) lib/active_support/tagged_logging.rb:71:in `block in tagged'
activesupport (5.2.3) lib/active_support/tagged_logging.rb:28:in `tagged'
activesupport (5.2.3) lib/active_support/tagged_logging.rb:71:in `tagged'
railties (5.2.3) lib/rails/rack/logger.rb:26:in `call'
actionpack (5.2.3) lib/action_dispatch/middleware/remote_ip.rb:81:in `call'
actionpack (5.2.3) lib/action_dispatch/middleware/request_id.rb:27:in `call'
rack (2.0.7) lib/rack/runtime.rb:22:in `call'
activesupport (5.2.3) lib/active_support/cache/strategy/local_cache_middleware.rb:29:in `call'
actionpack (5.2.3) lib/action_dispatch/middleware/executor.rb:14:in `call'
actionpack (5.2.3) lib/action_dispatch/middleware/static.rb:127:in `call'
rack (2.0.7) lib/rack/sendfile.rb:111:in `call'
railties (5.2.3) lib/rails/engine.rb:524:in `call'
puma (3.12.1) lib/puma/configuration.rb:227:in `call'
puma (3.12.1) lib/puma/server.rb:660:in `handle_request'
puma (3.12.1) lib/puma/server.rb:474:in `process_client'
puma (3.12.1) lib/puma/server.rb:334:in `block in run'
puma (3.12.1) lib/puma/thread_pool.rb:135:in `block in spawn_thread'
Started GET "/players" for ::1 at 2019-09-05 18:31:01 -0400
Processing by PlayersController#index as HTML
  [1m[36mPlayer Load (0.1ms)[0m  [1m[34mSELECT "players".* FROM "players"[0m
  ↳ app/controllers/players_controller.rb:5
Completed 200 OK in 9ms (Views: 6.0ms | ActiveRecord: 0.5ms)


Started GET "/" for ::1 at 2019-09-05 19:03:03 -0400
  [1m[35m (0.5ms)[0m  [1m[34mSELECT "schema_migrations"."version" FROM "schema_migrations" ORDER BY "schema_migrations"."version" ASC[0m
  ↳ /Users/harum/.rvm/gems/ruby-2.6.1/gems/activerecord-5.2.3/lib/active_record/log_subscriber.rb:98
Processing by Rails::WelcomeController#index as HTML
  Rendering /Users/harum/.rvm/gems/ruby-2.6.1/gems/railties-5.2.3/lib/rails/templates/rails/welcome/index.html.erb
  Rendered /Users/harum/.rvm/gems/ruby-2.6.1/gems/railties-5.2.3/lib/rails/templates/rails/welcome/index.html.erb (2.3ms)
Completed 200 OK in 12ms (Views: 4.8ms | ActiveRecord: 0.0ms)


Started GET "/" for ::1 at 2019-09-05 19:03:07 -0400
Processing by Rails::WelcomeController#index as HTML
  Rendering /Users/harum/.rvm/gems/ruby-2.6.1/gems/railties-5.2.3/lib/rails/templates/rails/welcome/index.html.erb
  Rendered /Users/harum/.rvm/gems/ruby-2.6.1/gems/railties-5.2.3/lib/rails/templates/rails/welcome/index.html.erb (2.7ms)
Completed 200 OK in 5ms (Views: 3.8ms | ActiveRecord: 0.0ms)


Started GET "/players" for ::1 at 2019-09-05 19:03:46 -0400
Processing by PlayersController#index as HTML
  [1m[36mPlayer Load (0.6ms)[0m  [1m[34mSELECT "players".* FROM "players"[0m
  ↳ app/controllers/players_controller.rb:5
Completed 200 OK in 10ms (Views: 5.9ms | ActiveRecord: 1.1ms)


Started GET "/players/1" for ::1 at 2019-09-05 19:04:16 -0400
  
AbstractController::ActionNotFound (The action 'show' could not be found for PlayersController):
  
actionpack (5.2.3) lib/abstract_controller/base.rb:129:in `process'
actionpack (5.2.3) lib/action_controller/metal.rb:191:in `dispatch'
actionpack (5.2.3) lib/action_controller/metal.rb:252:in `dispatch'
actionpack (5.2.3) lib/action_dispatch/routing/route_set.rb:52:in `dispatch'
actionpack (5.2.3) lib/action_dispatch/routing/route_set.rb:34:in `serve'
actionpack (5.2.3) lib/action_dispatch/journey/router.rb:52:in `block in serve'
actionpack (5.2.3) lib/action_dispatch/journey/router.rb:35:in `each'
actionpack (5.2.3) lib/action_dispatch/journey/router.rb:35:in `serve'
actionpack (5.2.3) lib/action_dispatch/routing/route_set.rb:840:in `call'
rack (2.0.7) lib/rack/etag.rb:25:in `call'
rack (2.0.7) lib/rack/conditional_get.rb:25:in `call'
rack (2.0.7) lib/rack/head.rb:12:in `call'
activerecord (5.2.3) lib/active_record/migration.rb:559:in `call'
actionpack (5.2.3) lib/action_dispatch/middleware/callbacks.rb:28:in `block in call'
activesupport (5.2.3) lib/active_support/callbacks.rb:98:in `run_callbacks'
actionpack (5.2.3) lib/action_dispatch/middleware/callbacks.rb:26:in `call'
actionpack (5.2.3) lib/action_dispatch/middleware/executor.rb:14:in `call'
actionpack (5.2.3) lib/action_dispatch/middleware/debug_exceptions.rb:61:in `call'
actionpack (5.2.3) lib/action_dispatch/middleware/show_exceptions.rb:33:in `call'
railties (5.2.3) lib/rails/rack/logger.rb:38:in `call_app'
railties (5.2.3) lib/rails/rack/logger.rb:26:in `block in call'
activesupport (5.2.3) lib/active_support/tagged_logging.rb:71:in `block in tagged'
activesupport (5.2.3) lib/active_support/tagged_logging.rb:28:in `tagged'
activesupport (5.2.3) lib/active_support/tagged_logging.rb:71:in `tagged'
railties (5.2.3) lib/rails/rack/logger.rb:26:in `call'
actionpack (5.2.3) lib/action_dispatch/middleware/remote_ip.rb:81:in `call'
actionpack (5.2.3) lib/action_dispatch/middleware/request_id.rb:27:in `call'
rack (2.0.7) lib/rack/runtime.rb:22:in `call'
activesupport (5.2.3) lib/active_support/cache/strategy/local_cache_middleware.rb:29:in `call'
actionpack (5.2.3) lib/action_dispatch/middleware/executor.rb:14:in `call'
actionpack (5.2.3) lib/action_dispatch/middleware/static.rb:127:in `call'
rack (2.0.7) lib/rack/sendfile.rb:111:in `call'
railties (5.2.3) lib/rails/engine.rb:524:in `call'
puma (3.12.1) lib/puma/configuration.rb:227:in `call'
puma (3.12.1) lib/puma/server.rb:660:in `handle_request'
puma (3.12.1) lib/puma/server.rb:474:in `process_client'
puma (3.12.1) lib/puma/server.rb:334:in `block in run'
puma (3.12.1) lib/puma/thread_pool.rb:135:in `block in spawn_thread'
Started GET "/players" for ::1 at 2019-09-05 19:06:34 -0400
Processing by PlayersController#index as */*
  [1m[36mPlayer Load (0.1ms)[0m  [1m[34mSELECT "players".* FROM "players"[0m
  ↳ app/controllers/players_controller.rb:5
Completed 200 OK in 2ms (Views: 1.6ms | ActiveRecord: 0.1ms)


Started GET "/players" for ::1 at 2019-09-05 19:06:43 -0400
Processing by PlayersController#index as */*
  [1m[36mPlayer Load (0.2ms)[0m  [1m[34mSELECT "players".* FROM "players"[0m
  ↳ app/controllers/players_controller.rb:5
Completed 200 OK in 2ms (Views: 1.5ms | ActiveRecord: 0.2ms)


Started GET "/players" for ::1 at 2019-09-05 19:07:34 -0400
Processing by PlayersController#index as */*
  [1m[36mPlayer Load (0.1ms)[0m  [1m[34mSELECT "players".* FROM "players"[0m
  ↳ app/controllers/players_controller.rb:5
Completed 200 OK in 3ms (Views: 2.4ms | ActiveRecord: 0.1ms)


Started GET "/players" for ::1 at 2019-09-05 19:07:44 -0400
Processing by PlayersController#index as */*
  [1m[36mPlayer Load (0.1ms)[0m  [1m[34mSELECT "players".* FROM "players"[0m
  ↳ app/controllers/players_controller.rb:5
Completed 200 OK in 2ms (Views: 2.0ms | ActiveRecord: 0.1ms)


Started GET "/players" for ::1 at 2019-09-05 19:08:02 -0400
Processing by PlayersController#index as */*
  [1m[36mPlayer Load (0.1ms)[0m  [1m[34mSELECT "players".* FROM "players"[0m
  ↳ app/controllers/players_controller.rb:5
Completed 200 OK in 2ms (Views: 1.2ms | ActiveRecord: 0.1ms)


Started GET "/players" for ::1 at 2019-09-05 19:08:34 -0400
Processing by PlayersController#index as */*
  [1m[36mPlayer Load (0.1ms)[0m  [1m[34mSELECT "players".* FROM "players"[0m
  ↳ app/controllers/players_controller.rb:5
Completed 200 OK in 2ms (Views: 1.0ms | ActiveRecord: 0.1ms)


Started GET "/players" for ::1 at 2019-09-05 19:08:58 -0400
Processing by PlayersController#index as */*
  [1m[36mPlayer Load (0.1ms)[0m  [1m[34mSELECT "players".* FROM "players"[0m
  ↳ app/controllers/players_controller.rb:5
Completed 200 OK in 1ms (Views: 0.6ms | ActiveRecord: 0.1ms)


Started GET "/players" for ::1 at 2019-09-05 19:09:04 -0400
Processing by PlayersController#index as */*
  [1m[36mPlayer Load (0.1ms)[0m  [1m[34mSELECT "players".* FROM "players"[0m
  ↳ app/controllers/players_controller.rb:5
Completed 200 OK in 1ms (Views: 0.9ms | ActiveRecord: 0.1ms)


Started GET "/players" for ::1 at 2019-09-05 19:10:40 -0400
Processing by PlayersController#index as */*
  [1m[36mPlayer Load (0.2ms)[0m  [1m[34mSELECT "players".* FROM "players"[0m
  ↳ app/controllers/players_controller.rb:5
Completed 200 OK in 3ms (Views: 2.3ms | ActiveRecord: 0.2ms)


Started GET "/players" for ::1 at 2019-09-05 19:11:31 -0400
Processing by PlayersController#index as */*
  [1m[36mPlayer Load (0.2ms)[0m  [1m[34mSELECT "players".* FROM "players"[0m
  ↳ app/controllers/players_controller.rb:5
Completed 200 OK in 3ms (Views: 2.6ms | ActiveRecord: 0.2ms)


Started GET "/players" for ::1 at 2019-09-05 19:11:35 -0400
Processing by PlayersController#index as */*
  [1m[36mPlayer Load (0.1ms)[0m  [1m[34mSELECT "players".* FROM "players"[0m
  ↳ app/controllers/players_controller.rb:5
Completed 200 OK in 1ms (Views: 1.0ms | ActiveRecord: 0.1ms)


Started GET "/players" for ::1 at 2019-09-05 19:14:05 -0400
Processing by PlayersController#index as */*
  [1m[36mPlayer Load (0.2ms)[0m  [1m[34mSELECT "players".* FROM "players"[0m
  ↳ app/controllers/players_controller.rb:5
Completed 200 OK in 2ms (Views: 1.2ms | ActiveRecord: 0.2ms)


Started GET "/players" for ::1 at 2019-09-05 19:14:07 -0400
Processing by PlayersController#index as */*
  [1m[36mPlayer Load (0.1ms)[0m  [1m[34mSELECT "players".* FROM "players"[0m
  ↳ app/controllers/players_controller.rb:5
Completed 200 OK in 1ms (Views: 0.8ms | ActiveRecord: 0.1ms)


Started GET "/" for ::1 at 2019-09-05 19:16:40 -0400
  [1m[35m (0.3ms)[0m  [1m[34mSELECT "schema_migrations"."version" FROM "schema_migrations" ORDER BY "schema_migrations"."version" ASC[0m
  ↳ /Users/harum/.rvm/gems/ruby-2.6.1/gems/activerecord-5.2.3/lib/active_record/log_subscriber.rb:98
Processing by Rails::WelcomeController#index as HTML
  Rendering /Users/harum/.rvm/gems/ruby-2.6.1/gems/railties-5.2.3/lib/rails/templates/rails/welcome/index.html.erb
  Rendered /Users/harum/.rvm/gems/ruby-2.6.1/gems/railties-5.2.3/lib/rails/templates/rails/welcome/index.html.erb (2.7ms)
Completed 200 OK in 9ms (Views: 7.0ms | ActiveRecord: 0.0ms)


Started GET "/players" for ::1 at 2019-09-05 19:16:43 -0400
Processing by PlayersController#index as HTML
  [1m[36mPlayer Load (0.4ms)[0m  [1m[34mSELECT "players".* FROM "players"[0m
  ↳ app/controllers/players_controller.rb:5
Completed 200 OK in 10ms (Views: 7.3ms | ActiveRecord: 0.8ms)


Started GET "/players" for ::1 at 2019-09-05 19:20:42 -0400
  [1m[35m (0.4ms)[0m  [1m[34mSELECT "schema_migrations"."version" FROM "schema_migrations" ORDER BY "schema_migrations"."version" ASC[0m
  ↳ /Users/harum/.rvm/gems/ruby-2.6.1/gems/activerecord-5.2.3/lib/active_record/log_subscriber.rb:98
Processing by PlayersController#index as */*
  [1m[36mPlayer Load (0.3ms)[0m  [1m[34mSELECT "players".* FROM "players"[0m
  ↳ app/controllers/players_controller.rb:5
Completed 200 OK in 10ms (Views: 6.2ms | ActiveRecord: 1.2ms)


Started GET "/players" for ::1 at 2019-09-05 19:21:07 -0400
Processing by PlayersController#index as */*
  [1m[36mPlayer Load (0.1ms)[0m  [1m[34mSELECT "players".* FROM "players"[0m
  ↳ app/controllers/players_controller.rb:5
Completed 200 OK in 2ms (Views: 1.1ms | ActiveRecord: 0.1ms)


Started GET "/players" for ::1 at 2019-09-05 19:21:11 -0400
Processing by PlayersController#index as */*
  [1m[36mPlayer Load (0.1ms)[0m  [1m[34mSELECT "players".* FROM "players"[0m
  ↳ app/controllers/players_controller.rb:5
Completed 200 OK in 1ms (Views: 0.9ms | ActiveRecord: 0.1ms)


Started GET "/players" for ::1 at 2019-09-05 19:22:20 -0400
Processing by PlayersController#index as */*
  [1m[36mPlayer Load (0.2ms)[0m  [1m[34mSELECT "players".* FROM "players"[0m
  ↳ app/controllers/players_controller.rb:5
Completed 200 OK in 1ms (Views: 1.0ms | ActiveRecord: 0.2ms)


Started GET "/players" for ::1 at 2019-09-05 19:22:40 -0400
Processing by PlayersController#index as */*
  [1m[36mPlayer Load (0.2ms)[0m  [1m[34mSELECT "players".* FROM "players"[0m
  ↳ app/controllers/players_controller.rb:5
Completed 200 OK in 2ms (Views: 1.1ms | ActiveRecord: 0.2ms)


Started GET "/players" for ::1 at 2019-09-05 19:23:39 -0400
Processing by PlayersController#index as */*
  [1m[36mPlayer Load (0.2ms)[0m  [1m[34mSELECT "players".* FROM "players"[0m
  ↳ app/controllers/players_controller.rb:5
Completed 200 OK in 2ms (Views: 1.4ms | ActiveRecord: 0.2ms)


Started GET "/players" for ::1 at 2019-09-05 19:23:47 -0400
Processing by PlayersController#index as */*
  [1m[36mPlayer Load (0.1ms)[0m  [1m[34mSELECT "players".* FROM "players"[0m
  ↳ app/controllers/players_controller.rb:5
Completed 200 OK in 1ms (Views: 1.0ms | ActiveRecord: 0.1ms)


Started GET "/players" for ::1 at 2019-09-05 19:25:32 -0400
  [1m[35m (0.4ms)[0m  [1m[34mSELECT "schema_migrations"."version" FROM "schema_migrations" ORDER BY "schema_migrations"."version" ASC[0m
  ↳ /Users/harum/.rvm/gems/ruby-2.6.1/gems/activerecord-5.2.3/lib/active_record/log_subscriber.rb:98
Processing by PlayersController#index as */*
  [1m[36mPlayer Load (0.4ms)[0m  [1m[34mSELECT "players".* FROM "players"[0m
  ↳ app/controllers/players_controller.rb:5
Completed 200 OK in 9ms (Views: 5.8ms | ActiveRecord: 0.8ms)


Started GET "/players" for ::1 at 2019-09-05 19:30:06 -0400
Processing by PlayersController#index as */*
  [1m[36mPlayer Load (0.1ms)[0m  [1m[34mSELECT "players".* FROM "players"[0m
  ↳ app/controllers/players_controller.rb:5
Completed 200 OK in 1ms (Views: 1.1ms | ActiveRecord: 0.1ms)


Started GET "/players" for ::1 at 2019-09-05 19:32:32 -0400
Processing by PlayersController#index as */*
  [1m[36mPlayer Load (0.1ms)[0m  [1m[34mSELECT "players".* FROM "players"[0m
  ↳ app/controllers/players_controller.rb:5
Completed 200 OK in 1ms (Views: 0.7ms | ActiveRecord: 0.1ms)


Started GET "/players" for ::1 at 2019-09-05 19:33:12 -0400
Processing by PlayersController#index as */*
  [1m[36mPlayer Load (0.1ms)[0m  [1m[34mSELECT "players".* FROM "players"[0m
  ↳ app/controllers/players_controller.rb:5
Completed 200 OK in 1ms (Views: 0.6ms | ActiveRecord: 0.1ms)


Started GET "/players" for ::1 at 2019-09-05 19:33:39 -0400
Processing by PlayersController#index as */*
  [1m[36mPlayer Load (0.1ms)[0m  [1m[34mSELECT "players".* FROM "players"[0m
  ↳ app/controllers/players_controller.rb:5
Completed 200 OK in 1ms (Views: 0.9ms | ActiveRecord: 0.1ms)


Started GET "/players" for ::1 at 2019-09-05 19:34:26 -0400
Processing by PlayersController#index as */*
  [1m[36mPlayer Load (0.1ms)[0m  [1m[34mSELECT "players".* FROM "players"[0m
  ↳ app/controllers/players_controller.rb:5
Completed 200 OK in 2ms (Views: 1.5ms | ActiveRecord: 0.1ms)


Started GET "/players" for ::1 at 2019-09-05 19:34:46 -0400
Processing by PlayersController#index as */*
  [1m[36mPlayer Load (0.1ms)[0m  [1m[34mSELECT "players".* FROM "players"[0m
  ↳ app/controllers/players_controller.rb:5
Completed 200 OK in 1ms (Views: 1.0ms | ActiveRecord: 0.1ms)


Started GET "/players" for ::1 at 2019-09-05 19:35:50 -0400
Processing by PlayersController#index as */*
  [1m[36mPlayer Load (0.1ms)[0m  [1m[34mSELECT "players".* FROM "players"[0m
  ↳ app/controllers/players_controller.rb:5
Completed 200 OK in 1ms (Views: 1.0ms | ActiveRecord: 0.1ms)


Started GET "/players" for ::1 at 2019-09-05 19:36:19 -0400
Processing by PlayersController#index as */*
  [1m[36mPlayer Load (0.1ms)[0m  [1m[34mSELECT "players".* FROM "players"[0m
  ↳ app/controllers/players_controller.rb:5
Completed 200 OK in 1ms (Views: 1.1ms | ActiveRecord: 0.1ms)


Started GET "/players" for ::1 at 2019-09-05 19:36:28 -0400
Processing by PlayersController#index as */*
  [1m[36mPlayer Load (0.1ms)[0m  [1m[34mSELECT "players".* FROM "players"[0m
  ↳ app/controllers/players_controller.rb:5
Completed 200 OK in 1ms (Views: 0.9ms | ActiveRecord: 0.1ms)


Started GET "/players" for ::1 at 2019-09-05 19:37:08 -0400
Processing by PlayersController#index as */*
  [1m[36mPlayer Load (0.1ms)[0m  [1m[34mSELECT "players".* FROM "players"[0m
  ↳ app/controllers/players_controller.rb:5
Completed 200 OK in 2ms (Views: 1.7ms | ActiveRecord: 0.1ms)


Started GET "/players" for ::1 at 2019-09-05 19:37:29 -0400
Processing by PlayersController#index as */*
  [1m[36mPlayer Load (0.1ms)[0m  [1m[34mSELECT "players".* FROM "players"[0m
  ↳ app/controllers/players_controller.rb:5
Completed 200 OK in 2ms (Views: 1.5ms | ActiveRecord: 0.1ms)


